Arguments: 
  C:\Program Files\nodejs\node.exe C:\Users\idevh\AppData\Roaming\npm\node_modules\yarn\bin\yarn.js add nouislider

PATH: 
  C:\Users\idevh\WebstormProjects\ecocity\node_modules\.bin;C:\Windows\system32;C:\Windows;C:\Windows\System32\Wbem;C:\Windows\System32\WindowsPowerShell\v1.0\;C:\Windows\System32\OpenSSH\;C:\Program Files\nodejs\;C:\Program Files\Git\cmd;C:\ProgramData\ComposerSetup\bin;C:\Users\idevh\AppData\Local\Microsoft\WindowsApps;C:\Users\idevh\AppData\Roaming\npm;C:\PHP;C:\Users\idevh\AppData\Roaming\Composer\vendor\bin;C:\Python27;;C:\Program Files\JetBrains\PhpStorm 2021.1.1\bin;;C:\Program Files\JetBrains\WebStorm 2021.3\bin;

Yarn version: 
  1.22.17

Node version: 
  16.13.0

Platform: 
  win32 x64

Trace: 
  Error: EPERM: operation not permitted, unlink 'C:\Users\idevh\WebstormProjects\ecocity\node_modules\node-sass\vendor\win32-x64-93\binding.node'

npm manifest: 
  {
    "name": "webpack-assembly",
    "version": "1.0.0",
    "author": "SmileDie <i@smiledie-hub.ru>",
    "license": "MIT",
    "scripts": {
      "dev": "webpack serve --config ./webpack/Parts/DevPart.js",
      "build": "set NODE_ENV=production & webpack --config ./webpack/Parts/ProdPart.js",
      "build:dev": "webpack --config ./webpack/Parts/DevPart.js",
      "gh-pages": "git subtree push --prefix dist origin gh-pages"
    },
    "browserslist": [
      "> 1%",
      "last 3 version"
    ],
    "devDependencies": {
      "@babel/core": "^7.15.5",
      "@babel/plugin-proposal-class-properties": "^7.14.5",
      "@babel/plugin-transform-async-to-generator": "^7.14.5",
      "@babel/plugin-transform-runtime": "^7.15.8",
      "@babel/preset-env": "^7.15.6",
      "autoprefixer": "^10.4.0",
      "babel-loader": "^8.2.2",
      "clean-webpack-plugin": "^4.0.0",
      "css-loader": "^6.3.0",
      "html-webpack-plugin": "^5.3.2",
      "html-webpack-pug-plugin": "^3.0.0",
      "mini-css-extract-plugin": "~2.4.5",
      "node-sass": "^6.0.1",
      "postcss": "^8.3.11",
      "postcss-loader": "^6.1.1",
      "postcss-preset-env": "^6.7.0",
      "pug": "^3.0.2",
      "sass-loader": "^12.1.0",
      "simple-pug-loader": "^0.2.1",
      "style-loader": "^3.3.0",
      "svg-sprite-loader": "^6.0.11",
      "svg-transform-loader": "^2.0.13",
      "svgo": "^2.7.0",
      "svgo-loader": "^3.0.0",
      "terser-webpack-plugin": "^5.2.5",
      "webpack": "^5.56.0",
      "webpack-cli": "^4.8.0",
      "webpack-dev-server": "^4.0.0-rc.1",
      "webpack-merge": "^5.8.0"
    },
    "dependencies": {
      "@babel/runtime": "^7.15.4",
      "bootstrap-grid-only-css": "^4.1.3",
      "swiper": "^7.1.0"
    }
  }

yarn manifest: 
  No manifest

Lockfile: 
  No lockfile
